0 info it worked if it ends with ok
1 verbose cli [ '/usr/local/n/versions/node/5.6.0/bin/node',
1 verbose cli   '/usr/local/bin/npm',
1 verbose cli   'publish' ]
2 info using npm@3.6.0
3 info using node@v5.6.0
4 verbose publish [ '.' ]
5 silly cache add args [ '.', null ]
6 verbose cache add spec .
7 silly cache add parsed spec Result {
7 silly cache add   raw: '.',
7 silly cache add   scope: null,
7 silly cache add   name: null,
7 silly cache add   rawSpec: '.',
7 silly cache add   spec: '/Users/joegesualdo/code/node/modules/wrap-string',
7 silly cache add   type: 'directory' }
8 verbose addLocalDirectory /Users/joegesualdo/.npm/wrap-string/0.0.1/package.tgz not in flight; packing
9 verbose correctMkdir /Users/joegesualdo/.npm correctMkdir not in flight; initializing
10 info lifecycle wrap-string@0.0.1~prepublish: wrap-string@0.0.1
11 silly lifecycle wrap-string@0.0.1~prepublish: no script for prepublish, continuing
12 verbose tar pack [ '/Users/joegesualdo/.npm/wrap-string/0.0.1/package.tgz',
12 verbose tar pack   '/Users/joegesualdo/code/node/modules/wrap-string' ]
13 verbose tarball /Users/joegesualdo/.npm/wrap-string/0.0.1/package.tgz
14 verbose folder /Users/joegesualdo/code/node/modules/wrap-string
15 verbose addLocalTarball adding from inside cache /Users/joegesualdo/.npm/wrap-string/0.0.1/package.tgz
16 verbose correctMkdir /Users/joegesualdo/.npm correctMkdir not in flight; initializing
17 silly cache afterAdd wrap-string@0.0.1
18 verbose afterAdd /Users/joegesualdo/.npm/wrap-string/0.0.1/package/package.json not in flight; writing
19 verbose correctMkdir /Users/joegesualdo/.npm correctMkdir not in flight; initializing
20 verbose afterAdd /Users/joegesualdo/.npm/wrap-string/0.0.1/package/package.json written
21 silly publish { name: 'wrap-string',
21 silly publish   version: '0.0.1',
21 silly publish   description: 'Wrap a string',
21 silly publish   main: 'test.js',
21 silly publish   scripts: { test: 'mocha test.js' },
21 silly publish   author: { name: 'Joe Gesualdo' },
21 silly publish   license: 'MIT',
21 silly publish   devDependencies: { chai: '^3.5.0' },
21 silly publish   readme: '## Wrap String\n> Wrap a string with other strings.\n\n## Install\n```\n$ npm install --save wrap-string\n```\n\n## Usage\n```javascript\nvar wrapString = require("wrap-string");\n\nwrapString({\n  string: "Hello world",\n  prepend: "*",\n  append: "*"\n})\n//=> *Hello world*\n```\n\n## Test\n```\n$ npm test\n```\n',
21 silly publish   readmeFilename: 'README.md',
21 silly publish   gitHead: '0078cf102d6d18c83a9beff0735ee31e2b231b32',
21 silly publish   _id: 'wrap-string@0.0.1',
21 silly publish   _shasum: '066cc3f52f33fac336d8aa75ce2eb84fa1fdf481',
21 silly publish   _from: '.' }
22 verbose getPublishConfig undefined
23 silly mapToRegistry name wrap-string
24 silly mapToRegistry using default registry
25 silly mapToRegistry registry https://registry.npmjs.org/
26 silly mapToRegistry uri https://registry.npmjs.org/wrap-string
27 verbose publish registryBase https://registry.npmjs.org/
28 silly publish uploading /Users/joegesualdo/.npm/wrap-string/0.0.1/package.tgz
29 verbose request uri https://registry.npmjs.org/wrap-string
30 verbose request sending authorization for write operation
31 info attempt registry request try #1 at 1:04:29 PM
32 verbose request using bearer token for auth
33 verbose request id 22f0aca3b2e18575
34 http request PUT https://registry.npmjs.org/wrap-string
35 http 403 https://registry.npmjs.org/wrap-string
36 verbose headers { 'content-type': 'application/json',
36 verbose headers   'cache-control': 'max-age=300',
36 verbose headers   'content-length': '95',
36 verbose headers   'accept-ranges': 'bytes',
36 verbose headers   date: 'Sat, 12 Mar 2016 18:04:30 GMT',
36 verbose headers   via: '1.1 varnish',
36 verbose headers   connection: 'keep-alive',
36 verbose headers   'x-served-by': 'cache-jfk1032-JFK',
36 verbose headers   'x-cache': 'MISS',
36 verbose headers   'x-cache-hits': '0',
36 verbose headers   'x-timer': 'S1457805869.567127,VS0,VE675' }
37 verbose request invalidating /Users/joegesualdo/.npm/registry.npmjs.org/wrap-string on PUT
38 error publish Failed PUT 403
39 verbose stack Error: "You cannot publish over the previously published version 0.0.1." : wrap-string
39 verbose stack     at makeError (/usr/local/lib/node_modules/npm/node_modules/npm-registry-client/lib/request.js:264:12)
39 verbose stack     at CachingRegistryClient.<anonymous> (/usr/local/lib/node_modules/npm/node_modules/npm-registry-client/lib/request.js:252:14)
39 verbose stack     at Request._callback (/usr/local/lib/node_modules/npm/node_modules/npm-registry-client/lib/request.js:172:14)
39 verbose stack     at Request.self.callback (/usr/local/lib/node_modules/npm/node_modules/request/request.js:198:22)
39 verbose stack     at emitTwo (events.js:100:13)
39 verbose stack     at Request.emit (events.js:185:7)
39 verbose stack     at Request.<anonymous> (/usr/local/lib/node_modules/npm/node_modules/request/request.js:1035:10)
39 verbose stack     at emitOne (events.js:95:20)
39 verbose stack     at Request.emit (events.js:182:7)
39 verbose stack     at IncomingMessage.<anonymous> (/usr/local/lib/node_modules/npm/node_modules/request/request.js:962:12)
40 verbose statusCode 403
41 verbose pkgid wrap-string
42 verbose cwd /Users/joegesualdo/code/node/modules/wrap-string
43 error Darwin 15.3.0
44 error argv "/usr/local/n/versions/node/5.6.0/bin/node" "/usr/local/bin/npm" "publish"
45 error node v5.6.0
46 error npm  v3.6.0
47 error code E403
48 error "You cannot publish over the previously published version 0.0.1." : wrap-string
49 error If you need help, you may report this error at:
49 error     <https://github.com/npm/npm/issues>
50 verbose exit [ 1, true ]
